
info: Sep-17-2021 02:47:20: 	Server is running on port 3000...: [object Object]
error: Sep-17-2021 02:47:39: 	500 - Internal Server Error - secret or public key must be provided - /api/checkedToken - GET - ::1: [object Object]
error: Sep-17-2021 02:47:39: 	500 - Internal Server Error - secret or public key must be provided - /api/todoList - GET - ::1: [object Object]
error: Sep-17-2021 03:11:54: 	500 - Internal Server Error - secret or public key must be provided - /api/checkedToken - GET - ::1: [object Object]
error: Sep-17-2021 03:12:20: 	500 - Internal Server Error - secret or public key must be provided - /api/checkedToken - GET - ::1: [object Object]
error: Sep-17-2021 03:14:10: 	500 - Internal Server Error - secret or public key must be provided - /api/checkedToken - GET - ::1: [object Object]
error: Sep-17-2021 03:14:10: 	500 - Internal Server Error - secret or public key must be provided - /api/todoList - GET - ::1: [object Object]
info: Sep-17-2021 03:21:42: 	Server is running on port 3000...: [object Object]
error: Sep-17-2021 03:21:47: 	500 - Internal Server Error - secret or public key must be provided - /api/checkedToken - GET - ::1: [object Object]
error: Sep-17-2021 03:21:47: 	500 - Internal Server Error - secret or public key must be provided - /api/todoList - GET - ::1: [object Object]
error: Sep-17-2021 03:22:19: 	500 - Internal Server Error - secret or public key must be provided - /api/checkedToken - GET - ::1: [object Object]
info: Sep-17-2021 03:24:08: 	Server is running on port 3000...: [object Object]
error: Sep-17-2021 03:25:49: 	500 - Internal Server Error - Callback must be a function, got [object Object] - /api/todoList/613c25500640d624b44bd23e - PATCH - ::1: [object Object]
info: Sep-17-2021 03:27:24: 	Server is running on port 3000...: [object Object]
error: Sep-17-2021 03:28:37: 	500 - Internal Server Error - Callback must be a function, got [object Object] - /api/todoList/613c25500640d624b44bd23e - PATCH - ::1: [object Object]
info: Sep-17-2021 03:29:46: 	Server is running on port 3000...
error: Sep-17-2021 03:29:52: 	500 - Internal Server Error - Callback must be a function, got [object Object] - /api/todoList/613c25500640d624b44bd23e - PATCH - ::1
info: Sep-17-2021 03:30:38: 	Server is running on port 3000...
info: Sep-17-2021 03:30:41: 	Server is running on port 3000...
error: Sep-17-2021 03:30:43: 	500 - Internal Server Error - Callback must be a function, got [object Object] - /api/todoList/613c25500640d624b44bd23e - PATCH - ::1
info: Sep-17-2021 03:31:35: 	Server is running on port 3000...
error: Sep-17-2021 03:31:37: 	500 - Internal Server Error - Callback must be a function, got [object Object] - /api/todoList/613c25500640d624b44bd23e - PATCH - ::1
info: Sep-17-2021 03:34:18: 	Server is running on port 3000...
info: Sep-17-2021 03:34:52: 	Server is running on port 3000...
info: Sep-17-2021 03:34:57: 	Server is running on port 3000...
error: Sep-17-2021 03:54:40: 	500 - Internal Server Error - Callback must be a function, got [object Object] - /api/todoList/613c12cb42726121d0c8ad80 - PATCH - ::1
info: Sep-17-2021 04:03:43: 	Server is running on port 3000...
info: Sep-17-2021 04:08:48: 	Server is running on port 3000...
info: Sep-17-2021 11:03:30: 	Server is running on port 3000...
info: Sep-17-2021 19:51:53: 	Server is running on port 3000...
error: Sep-17-2021 19:52:06: 	500 - Internal Server Error - It appears you have done something like `app.use(helmet)`, but it should be `app.use(helmet())`. - /api/authRouter/login - POST - ::1
info: Sep-17-2021 19:52:54: 	Server is running on port 3000...
info: Sep-17-2021 20:15:59: 	Server is running on port 3000...
error: Sep-17-2021 20:16:11: 	404 || Not Found - /favicon.ico - GET - ::1
error: Sep-17-2021 20:16:35: 	404 || Not Found - /favicon.ico - GET - ::1
info: Sep-17-2021 20:27:24: 	Server is running on port 3000...
info: Sep-17-2021 20:28:16: 	Server is running on port 3000...
info: Sep-17-2021 20:28:51: 	Server is running on port 3000...
info: Sep-17-2021 20:30:36: 	Server is running on port 3000...
info: Sep-17-2021 20:31:08: 	Server is running on port 3000...
info: Sep-17-2021 20:31:41: 	Server is running on port 3000...
info: Sep-17-2021 20:31:51: 	Server is running on port 3000...
info: Sep-17-2021 20:36:45: 	Server is running on port 3000...
info: Sep-17-2021 20:38:52: 	Server is running on port 3000...
info: Sep-17-2021 20:40:03: 	Server is running on port 3000...
info: Sep-17-2021 20:42:31: 	Server is running on port 3000...
info: Sep-17-2021 20:45:55: 	Server is running on port 3000...
info: Sep-17-2021 20:47:33: 	Server is running on port 3000...
info: Sep-17-2021 20:50:22: 	Server is running on port 3000...
info: Sep-17-2021 20:50:28: 	Server is running on port 3000...
info: Sep-17-2021 20:51:01: 	Server is running on port 3000...
info: Sep-17-2021 20:52:06: 	Server is running on port 3000...
info: Sep-17-2021 20:55:34: 	Server is running on port 3000...
info: Sep-17-2021 20:56:48: 	Server is running on port 3000...
error: Sep-17-2021 20:57:48: 	500 - Internal Server Error - Unexpected token u in JSON at position 0 - /api/todoList - POST - ::1
info: Sep-17-2021 20:59:24: 	Server is running on port 3000...
info: Sep-17-2021 20:59:51: 	Server is running on port 3000...
error: Sep-17-2021 21:00:44: 	500 - Internal Server Error - Unexpected token u in JSON at position 0 - /api/todoList - POST - ::1
info: Sep-17-2021 21:01:40: 	Server is running on port 3000...
error: Sep-17-2021 21:02:47: 	500 - Internal Server Error - Unexpected token u in JSON at position 0 - /api/todoList - POST - ::1
info: Sep-17-2021 21:04:11: 	Server is running on port 3000...
info: Sep-17-2021 21:04:47: 	Server is running on port 3000...
info: Sep-17-2021 21:09:02: 	Server is running on port 3000...
info: Sep-17-2021 21:11:07: 	Server is running on port 3000...
info: Sep-17-2021 21:13:27: 	Server is running on port 3000...
info: Sep-17-2021 21:13:34: 	Server is running on port 3000...
info: Sep-17-2021 21:14:04: 	Server is running on port 3000...
info: Sep-17-2021 21:16:18: 	Server is running on port 3000...
info: Sep-17-2021 21:16:34: 	Server is running on port 3000...
info: Sep-17-2021 21:17:42: 	Server is running on port 3000...
info: Sep-17-2021 21:20:08: 	Server is running on port 3000...
info: Sep-17-2021 21:20:35: 	Server is running on port 3000...
info: Sep-17-2021 21:22:58: 	Server is running on port 3000...
info: Sep-17-2021 21:23:35: 	Server is running on port 3000...
info: Sep-17-2021 21:25:10: 	Server is running on port 3000...
info: Sep-17-2021 21:26:58: 	Server is running on port 3000...
info: Sep-17-2021 21:27:04: 	Server is running on port 3000...
info: Sep-17-2021 21:27:32: 	Server is running on port 3000...
info: Sep-17-2021 21:27:43: 	Server is running on port 3000...
info: Sep-17-2021 21:29:37: 	Server is running on port 3000...
info: Sep-17-2021 21:31:32: 	Server is running on port 3000...
info: Sep-17-2021 21:35:32: 	Server is running on port 3000...
info: Sep-17-2021 21:35:42: 	Server is running on port 3000...
info: Sep-17-2021 21:42:44: 	Server is running on port 3000...
info: Sep-17-2021 21:45:12: 	Server is running on port 3000...
info: Sep-17-2021 21:45:33: 	Server is running on port 3000...
info: Sep-17-2021 21:45:52: 	Server is running on port 3000...
info: Sep-17-2021 21:53:42: 	Server is running on port 3000...
info: Sep-17-2021 21:56:23: 	Server is running on port 3000...
info: Sep-17-2021 22:00:20: 	Server is running on port 3000...
info: Sep-17-2021 22:12:33: 	Server is running on port 3000...
info: Sep-17-2021 22:32:06: 	Server is running on port 3000...
info: Sep-17-2021 22:51:03: 	Server is running on port 3000...
error: Sep-17-2021 22:51:59: 	Cannot create property 'Symbol(level)' on string 'getTodos' Cannot create property 'Symbol(level)' on string 'getTodos'
error: Sep-17-2021 22:52:04: 	Cannot create property 'Symbol(level)' on string 'getTodos' Cannot create property 'Symbol(level)' on string 'getTodos'
error: Sep-17-2021 22:52:23: 	Cannot create property 'Symbol(level)' on string 'getTodos' Cannot create property 'Symbol(level)' on string 'getTodos'
error: Sep-17-2021 22:52:33: 	Cannot create property 'Symbol(level)' on string 'getTodos' Cannot create property 'Symbol(level)' on string 'getTodos'
error: Sep-17-2021 22:52:58: 	Cannot create property 'Symbol(level)' on string 'getTodos' Cannot create property 'Symbol(level)' on string 'getTodos'
info: Sep-17-2021 22:54:51: 	Server is running on port 3000...
info: Sep-17-2021 22:55:24: 	Server is running on port 3000...
info: Sep-17-2021 22:55:53: 	Server is running on port 3000...
info: Sep-17-2021 23:10:14: 	Server is running on port 3000...
info: Sep-17-2021 23:24:06: 	Server is running on port 3000...
info: Sep-17-2021 23:33:03: 	Server is running on port 3000...
info: Sep-17-2021 23:35:31: 	Server is running on port 3000...
info: Sep-17-2021 23:36:46: 	Server is running on port 3000...
